[    0.000000] Initializing cgroup subsys cpuset
[    0.000000] Initializing cgroup subsys cpu
[    0.000000] Initializing cgroup subsys cpuacct
[    0.000000] Linux version 4.4.0-139-generic (buildd@lcy01-amd64-006) (gcc version 5.4.0 20160609 (Ubuntu 5.4.0-6ubuntu1~16.04.10) ) #165-Ubuntu SMP Wed Oct 24 10:58:50 UTC 2018 (Ubuntu 4.4.0-139.165-generic 4.4.160)
[    0.000000] Command line: BOOT_IMAGE=/boot/vmlinuz-4.4.0-139-generic root=UUID=4e0b126d-f842-4ae8-bd4b-7ebf2cd44df6 ro console=tty1 console=ttyS0
[    0.000000] KERNEL supported cpus:
[    0.000000]   Intel GenuineIntel
[    0.000000]   AMD AuthenticAMD
[    0.000000]   Centaur CentaurHauls
[    0.000000] x86/fpu: xstate_offset[2]:  576, xstate_sizes[2]:  256
[    0.000000] x86/fpu: Supporting XSAVE feature 0x01: 'x87 floating point registers'
[    0.000000] x86/fpu: Supporting XSAVE feature 0x02: 'SSE registers'
[    0.000000] x86/fpu: Supporting XSAVE feature 0x04: 'AVX registers'
[    0.000000] x86/fpu: Enabled xstate features 0x7, context size is 832 bytes, using 'standard' format.
[    0.000000] e820: BIOS-provided physical RAM map:
[    0.000000] BIOS-e820: [mem 0x0000000000000000-0x000000000009fbff] usable
[    0.000000] BIOS-e820: [mem 0x000000000009fc00-0x000000000009ffff] reserved
[    0.000000] BIOS-e820: [mem 0x00000000000f0000-0x00000000000fffff] reserved
[    0.000000] BIOS-e820: [mem 0x0000000000100000-0x000000003ffeffff] usable
[    0.000000] BIOS-e820: [mem 0x000000003fff0000-0x000000003fffffff] ACPI data
[    0.000000] BIOS-e820: [mem 0x00000000fec00000-0x00000000fec00fff] reserved
[    0.000000] BIOS-e820: [mem 0x00000000fee00000-0x00000000fee00fff] reserved
[   .000000] BIOS-e820: [mem 0x00000000fffc0000-0x00000000ffffffff] reserved
[    0.000000] NX (Execute Disable) protection: active
[    0.000000] SMBIOS 2.5 present.
[    0.000000] Hypervisor detected: KVM
[    0.000000] e820: last_pfn = 0x3fff0 max_arch_pfn = 0x400000000
[    0.000000] MTRR: Disabled
[    0.000000] x86/PAT: MTRRs disabled, skipping PAT initialization too.
[    0.000000] CPU MTRRs all blank - virtualized system.
[    0.000000] x86/PAT: Configuration [0-7]: WB  WT  UC- UC  WB  WT  UC- UC  
[    0.000000] found SMP MP-table at [mem 0x0009fff0-0x0009ffff] mapped at [ffff88000009fff0]
[    0.000000] Scanning 1 areas for low memory corruption
[    0.000000]] RAMDISK: [mem 0x361ee000-0x370eefff]
[    0.000000] ACPI: Early table checksum verification disabled
[    0.000000] ACPI: RSDP 0x00000000000E0000 000024(v02 VBOX  )
[    0.000000] ACPI: XSDT 0x000000003FFF0030 00003C (v01 VBOX   VBOXXSDT 00000001 ASL  00000061)
[    0.000000] ACPI: FACP 0x000000003FFF00F0 0000F4 (v04 VBOX   VBOXFACP 00000001 ASL  00000061)
[    0.000000] ACPI: DSDT 0x000000003FFF0470 0021FF (v02 VBOX   VBOXBIOS 00000002 INTL 20100528)
[    0.000000] ACPI: FACS 0x000000003FFF0200 000040
[    0.000000] ACPI: ACCS 0x000000003FFF0200 000040
[    0.000000] ACPI: APIC 0x000000003FFF0240 00005C (v02 VBOX   VBOXAPIC 00000001 ASL  00000061)
[    0.000000] ACPI: SSDT 0x000000003FFF02A0 0001CC (v01 VBOX   VBOXCPUT 00000002 INTL 20100528)
[    0.000000] No NUMA configuration found
[    0.000000] Faking a node at [mem 0x0000000000000000-0x000000003ffeffff]
[    0.000000] NODE_DATA(0) allocated [mem 0x3ffeb000-0x3ffeffff]
[    0.000000] kvm-clock: Using msrs 4b564d01 and 4b564d00
[    0.000000] kvm-clock: cpu 0, msr 0:3ffe3001, primary cpu clock
[    0.000000] kvm-clock: using sched offset of 5097834566 cycles
[    0.000000] clocksource: kvm-clock: mask: 0xffffffffffffffff max_cycles: 0x1cd42e4dffb, max_idle_ns: 881590591483 ns
[    0.000000] Zone ranges:
[    0.000000]   DMA      [mem 0x0000000000001000-0x0000000000ffffff]
[    0.000000]   DMA32    [mem 0x0000000001000000-0x000000003ffeffff]
[    0.000000]   Normal   empty
[    0.000000]   Device   empty
[    0.000000] Movable zone start for each node
[    0.000000] Early memory node ranges
[    0.000000]   node   0: [mem 0x0000000000001000-0x000000000009efff]
[    0.000000]   node   0: [mem 0x0000000000100000-0x000000003ffeffff]
[   .000000] Initmem setup nodde 0 [mem 0x0000000000001000-0x000000003ffeffff]
[    0.000000] ACPI: PM-Timer IO Port: 0x4008
[    0.000000] IOAPIC[0]: apic_id 2, version 32, address 0xfec00000, GSI 0-23
[    0.00000] CPI: INT_SRC_OVR (bus 0 bus_irq 0 global_irq 2 dfl dfl)
[   0.000000] ACPI: INT_SRC_OVR (bus 0 bus_irq 9 global_irq 9 low level)
[    0.000000] Using ACPI (MADT) for SMP configuration information
[    0.000000] smpboot: Allowing 2 CPUs, 0 hotplug CPUs
[    0.000000] PM: Registered nosave memory: [mem x00000000-0x00000fff]
[    0.000000] PM: Registered nosave memory: [mem 0x0009f000-0x0009ffff]
[    0.000000] PM: Registered nosave memory: [mem 0x000a0000-0x000efff]
[   0.000000] PM: Registered nosave memory: [mem 0x000f0000-0x000fffff]
[    0.000000] e820: [mem 0x40000000-0xfebfffff] available for PCI devices
[    0.000000] Booting paravirtualized kernel on KVM
[    0.000000] clocksource: refined-jiffies: mask: 0xffffffff max_cycles: 0xffffffff, max_idle_ns: 7645519600211568 ns
[    0.000000] setup_percpu: NR_CPUS:512 nr_cpumask_bits:512 nr_cpu_ids:2 nr_node_ids:1
[    0.000000] PERCPU: Embedded 34 pages/cpu @ffff88003fc00000 s99608 r8192 d31464 u1048576
[    0.000000] PV qspinlock hash table entries: 256 (order: 0, 4096 bytes)
[    0.000000] Built 1 zoelists in Node order, mobility grouping on.  Total pages: 257912
[    0.000000] Policy zone: DMA32
[    0.000000] Kernel command line: BOOT_IMAGE=/boot/vmlinuz-4.4.0-139-generic root=UUID=4e0b126d-f842-4ae8-bd4b-7ebf2cd44df6 ro console=tty1 console=ttyS0
[    0.000000] PID hash table entries: 4096 (order: 3, 32768 bytes)
[    0.000000] Memory: 997140K/1048120K available (8564K kernel code, 1314K rwdata, 4004K rodata, 1528K init, 1316K bss, 50980K reserved, 0K cma-reserved)
[    0.000000] SLUB: HWalign=64, Order=0-3, MinObjects=0, CPUs=2, Nodes=1
[    0.000000] Kernel/User page tables isolation: enabled
[    0.000000] Hierarchical RCU implementation.
[    0.000000] 	Build-time adjustment of leaf fanout to 64.
[    0.000000] 	RCU restricting CPUs from NR_CPUS=512 to nr_cpu_ids=2.
[    0.000000] RCU: Adjusting geometry for rcu_fanout_leaf=64, nr_cpu_ids=2
[    0.000000] NR_IRQS:33024 nr_irqs:440 16
[    0.000000] Console: colour VGA+ 80x25
[    0.000000] console [tty1] enabled
[    0.000000] console [ttyS0] enabled
[   0.000000] tsc: Detected 2494.316 MHz processor
[    0.662465] Calibrating delay loop (skipped) preset value.. 4988.63 BogoMIPS (lpj=9977264)
[    0.679440] pid_max: default: 32768 minimum: 301
[    0.682662] ACPI: Core revision 20150930
[    0.687288] ACPI: 2 ACPI AML tables successfully acquired and loaded
[    0.692009] Security Framework initialized
[    0.694060] Yama: becoming mindful.
[    0.695707] AppArmor: AppArmor initialized
[    0.697752] Dentry cache hash table entries: 131072 (order: 8, 1048576 bytes)
[    0.705262] Inode-cache hash table entries: 65536 (order: 7, 524288 bytes)
[    0.711239] Mount-cache hash table entries: 2048 (order: 2, 16384 bytes)
[    0.715171] Mountpoint-cache hash table entries: 2048 (order: 2, 16384 bytes)
[    0.721765] Initializing cgroup subsys io
[    0.725803] Initializing cgroup subsys memory
[    0.727697] Initializing cgroup subsys devices
[    0.739568] Initializing cgroup subsys freezer
[    0.742595] Initializing cgroup subsys net_cls
[    0.745912] Initializing cgroup subsys perf_event
[    0.750486] Initializing cgroup subsys net_prio
[    0.753894] Initializing cgroup subsys hugetlb
[    0.757765] Initializing cgroup subsys pids
[    0.762417] mce: CPU supports 0 MCE banks
[    0.766142] Last level iTLB entries: 4KB 512, 2MB 8, 4MB 8
[    0.772881] Last level dTLB entries: 4KB 512, 2MB 32, 4MB 32, 1GB 0
[    0.775479] Spectre V2 : Mitigation: Full generic retpoline
[    0.781653] Spectre V2 : Spectre v2 mitigation: Speculation control IBPB not-supported IBRS not-supported
[    0.792042] Spectre V2 : Spectre v2 / SpectreRSB mitigation: Filling RSB on context switch
[    0.800698] Speculative Store Bypass: Vulnerable
[    0.807485] Freeing SMP alternatives memory: 32K
[    0.821380] ftrace: allocating 32278 entries in 127 pages
[    0.943341] smpboot: APIC(0) Converting physical 0 to logical package 0
[    0.961881] smpboot: Max logical packages: 1
[    0.967721] x2apic enabled
[    0.971069] Switched APIC routing to physical x2apic.
[    0.974681] ..TIMER: vector=0x30 apic1=0 pin1=2 apic2=-1 pin2=-1
[    1.088993] smpboot: CPU0: Intel(R) Core(TM) i5-3210M CPU @ 2.50GHz (family: 0x6, model: 0x3a, stepping: 0x9)
[    1.100521] Performance Events: unsupported p6 CPU model 58 no PMU driver, software events only.
[    1.104606] KVM setup paravirtual spinlock
[    1.108349] x86: Booting SMP configuration:
[    1.111447] .... node  #0, CPUs:      #1
[    1.121550] kvm-clock: cpu 1, msr 0:3ffe3041, secondary cpu clock
[    1.125199] mce: CPU supports 0 MCE banks
[    1.129286] x86: Booted up 1 node, 2 CPUs
[    1.131362] smpboot: Total of 2 processors activated (9977.26 BogoMIPS)
[    1.137566] devtmpfs: initialized
[    1.141149] evm: security.selinux
[    1.144082] evm: security.SMACK64
[    1.146558] evm: security.SMACK64EXEC
[    1.148906] evm: security.SMACK64TRANSMUTE
[    1.156893] evm: security.SMACK64MMAP
[    1.159721] evm: security.ima
[    1.164849] evm: security.capability
[    1.167932] clocksource: jiffies: mask: 0xffffffff max_cycles: 0xffffffff, max_idle_ns: 7645041785100000 ns
[    1.173694] futex hash table entries: 512 (order: 3, 32768 bytes)
[    1.176528] pinctrl core: initialized pinctrl subsystem
[    1.181622] RTC time:  4:44:04, date: 11/28/18
[    1.184605] NET: Registered protocol family 16
[    1.196702] cpuidle: using governor ladder
[    1.209191] cpuidle: using governor menu
[    1.211318] PCCT header not found.
[    1.213030] ACPI: bus type PCI registered
[    1.215514] acpiphp: ACPI Hot Plug PCI Controller Driver version: 0.5
[    1.218545] PCI: Using configuration type 1 for base access
[    1.233572] ACPI: Added _OSI(Module Device)
[    1.235600] ACPI: Added _OSI(Processor Device)
[    1.237644] ACPI: Added _OSI(3.0 _SCP Extensions)
[    1.239674] ACPI: Added _OSI(Processor Aggregator Device)
[    1.243181] ACPI: Executed 1 blocks of module-level executable AML code
[    1.250945] ACPI: Interpreter enabled
[    1.253828] ACPI: (supports S0 S5)
[    1.255818] ACPI: Using IOAPIC for interrupt routing
[    1.259221] PCI: Using host bridge windows from ACPI; if necessary, use "pci=nocrs" and report a bug
[    1.269685] ACPI: PCI Root Bridge [PCI0] (domain 0000 [bus 00-ff])
[    1.273686] acpi PNP0A03:00: _OSC: OS supports [ASPM ClockPM Segments MSI]
[    1.278606] acpi PNP0A03:00: _OSC: not requesting OS control; OS requires [ExtendedConfig ASPM ClockPM MSI]
[    1.284232] acpi PNP0A03:00: fail to add MMCONFIG information, can't access extended PCI configuration space under this bridge.
[    1.289837] PCI host bridge to bus 0000:00
[    1.291672] pci_bus 0000:00: root bus resource [io  0x0000-0x0cf7 window]
[    1.296451] pci_bus 0000:00: root bus resource [io  0x0d00-0xffff window]
[    1.300419] pci_bus 0000:00: root bus resource [mem 0x000a0000-0x000bffff window]
[    1.304904] pci_bus 0000:00: root bus resource [mem 0x40000000-0xfdffffff window]
[    1.308218] pci_bus 0000:00: root bus resource [bus 00-ff]
[    1.317453] pci 0000:00:01.1: legacy IDE quirk: reg 0x10: [io  0x01f0-0x01f7]
[    1.326789] pci 0000:00:01.1: legacy IDE quirk: reg 0x14: [io  0x03f6]
[    1.332132] pci 0000:00:01.1: legacy IDE quirk: reg 0x18: [io  0x0170-0x0177]
[    1.342044] pci 0000:00:01.1: legacy IDE quirk: reg 0x1c: [io  0x0376]
[    1.386327] pci 0000:00:07.0: quirk: [io  0x4000-0x403f] claimed by PIIX4 ACPI
[    1.394166] pci 0000:00:07.0: quirk: [io  0x4100-0x410f] claimed by PIIX4 SMB
[    1.408522] ACPI: PCI Interrupt Link [LNKA] (IRQs 5 9 10 *11)
[    1.420977] ACPI: PCI Interrupt Link [LNKB] (IRQs 5 9 *10 11)
[    1.440193] ACPI: PCI Interrupt Link [LNKC] (IRQs 5 *9 10 11)
[    1.451821] ACPI: PCI Interrupt Link [LNKD] (IRQs 5 9 10 *11)
[    1.455244] ACPI: Enabled 2 GPEs in block 00 to 07
[    1.459286] vgaarb: setting as boot device: PCI:0000:00:02.0
[    1.467662] vgaarb: device added: PCI:0000:00:02.0,decodes=io+mem,owns=io+mem,locks=none
[    1.471344] vgaarb: loaded
[    1.472683] vgaarb: bridge control possible 0000:00:02.0
[    1.475279] SCSI subsystem initialized
[    1.477176] ACPI: bus type USB registered
[    1.479060] usbcore: registered new interface driver usbfs
[    1.481472] usbcore: registered new interface driver hub
[    1.484913] usbcore: registered new device driver usb
[    1.490763] PCI: Using ACPI for IRQ routing
[    1.493503] NetLabel: Initializing
[    1.496514] NetLabel:  domain hash size = 128
[    1.501399] NetLabel:  protocols = UNLABELED CIPSOv4
[    1.504841] NetLabel:  unlabeled traffic allowed by default
[    1.510604] amd_nb: Cannot enumerate AMD northbridges
[    1.513962] clocksource: Switched to clocksource kvm-clock
[    1.526402] AppArmor: AppArmor Filesystem Enabled
[   .532237] pnp: PnP ACPI init
[   .50660] pnp: PnP ACPI: found 3 devices

[   1.685352] clocksource: acpi_pm: mask: 0xffffff max_cycles: 0xffffff, max_idle_ns: 2085701024 ns
[   1.714654] NET: Registered protocol family 2

[    1.744682] TCP established hash table entries: 8192 (order: 4, 65536 bytes)
[    1.747686] TCP bind hash table entries: 8192 (order: 5, 131072 bytes)
[   .750363] TCP: Hash tables configured (established 8192 bind 8192)
[    1.805139] UDP hash table entries: 512 (order: 2, 16384 bytes)
[    1.808461] UDP-Lite hashtable entries: 512 (order: 2, 16384 bytes)
[    1.839194] NET: Registered protocol family 1
[    1.841480] pci 0000:00:00.0: Limiting direct PCI/PCI transfers
[   1.844179] pci 0000:00:01.0: Activating ISA DMA hang workarounds
[   .897201] Unpacking initramfs...

[    2.273831] Freeing initrd memory: 15364K
[    2.283043] RAPL PMU detected, API unit is 2^-32 Joules, 3 fixed counters 10737418240 ms ovfl timer
[    2.292946] hw unit of domain pp0-core 2^-0 Joules
[    2.295905] hw unit of domain package 2^-0 Joules
[    2.298845] hw unit of domain pp1-gpu 2^-0 Joules
[    2.304642] platform rtc_cmos: registered platform RTC device (no PNP device found)
[    2.308505] Scanning for low memory corruption every 60 seconds
[    2.314243] audit: initializing netlink subsys (disabled)
[    2.341289] audit: type=2000 audit(1543380251.490:1): initialized
[    2.344195] Initialise system trusted keyring
[    2.346368] HugeTLB registered 2 MB page size, pre-allocated 0 pages
[    2.350508] zbud: loaded
[    2.353608] VFS: Disk quotas dquot_6.6.0
[    2.355490] VFS: Dquot-cache hash table entries: 512 (order 0, 4096 bytes)
[    2.358537] squashfs: version 4.0 (2009/01/31) Phillip Lougher
[    2.361591] fuse init (API version 7.23)
[    2.366057] Key type big_key registered
[    2.367967] Allocating IMA MOK and blacklist keyrings.
[    2.375082] Key type asymmetric registered
[    2.380117] Asymmetric key parser 'x509' registered
[    2.384224] Block layer SCSI generic (bsg) driver version 0.4 loaded (major 249)
[    2.388164] io scheduler noop registered
[    2.393348] io scheduler deadline registered (default)
[    2.396567] io scheduler cfq registered
[    2.398809] pci_hotplug: PCI Hot Plug PCI Core version: 0.5
[    2.401476] pciehp: PCI Express Hot Plug Controller Driver version: 0.4
[    2.404831] ACPI: AC Adapter [AC] (on-line)
[    2.407788] input: Power Button as /devices/LNXSYSTM:00/LNXPWRBN:00/input/input0
[    2.412007] ACPI: Power Button [PWRF]
[    2.418455] input: Sleep Button as /devices/LNXSYSTM:00/LNXSLPBN:00/input/input1
[    2.424141] ACPI: Sleep Button [SLPF]
[    2.432615] GHES: HEST is not enabled!
[    2.435780] Serial: 8250/16550 driver, 32 ports, IRQ sharing enabled
[    2.436086] ACPI: Battery Slot [BAT0] (battery present)
[    2.471079] 00:02: ttyS0 at I/O 0x3f8 (irq = 4, base_baud = 115200) is a 16550A
[    2.481410] Linux agpgart interface v0.103
[    2.489315] loop: module loaded
[    2.492513] scsi host0: ata_piix
[    2.494825] scsi host1: ata_piix
[    2.496377] ata1: PATA max UDMA/33 cmd 0x1f0 ctl 0x3f6 bmdma 0xd000 irq 14
[    2.499271] ata2: PATA max UDMA/33 cmd 0x170 ctl 0x376 bmdma 0xd008 irq 15
[    2.502800] libphy: Fixed MDIO Bus: probed
[    2.504621] tun: Universal TUN/TAP device driver, 1.6
[    2.507344] tun: (C) 1999-2004 Max Krasnyansky <maxk@qualcomm.com>
[    2.512862] PPP generic driver version 2.4.2
[    2.515275] ehci_hcd: USB 2.0 'Enhanced' Host Controller (EHCI) Driver
[    2.517980] ehci-pci: EHCI PCI platform driver
[    2.520062] ehci-platform: EHCI generic platform driver
[    2.522279] ohci_hcd: USB 1.1 'Open' Host Controller (OHCI) Driver
[    2.530487] ohci-pci: OHCI PCI platform driver
[    2.535248] ohci-platform: OHCI generic platform driver
[    2.540072] uhci_hcd: USB Universal Host Controller Interface driver
[    2.542947] i8042: PNP: PS/2 Controller [PNP0303:PS2K,PNP0f03:PS2M] at 0x60,0x64 irq 1,12
[    2.547636] serio: i8042 KBD port at 0x60,0x64 irq 1
[    2.550023] serio: i8042 AUX port at 0x60,0x64 irq 12
[    2.552448] mousedev: PS/2 mouse device common for all mice
[    2.566224] rtc_cmos rtc_cmos: rtc core: registered rtc_cmos as rtc0
[    2.570919] input: AT Translated Set 2 keyboard as /devices/platform/i8042/serio0/input/input2
[    2.593671] rtc_cmos rtc_cmos: alarms up to one day, 114 bytes nvram
[    2.597178] i2c /dev entries driver
[    2.599407] device-mapper: uevent: version 1.0.3
[    2.601652] device-mapper: ioctl: 4.34.0-ioctl (2015-10-28) initialised: dm-devel@redhat.com
[    2.605588] ledtrig-cpu: registered to indicate activity on CPUs
[    2.608720] NET: Registered protocol family 10
[    2.611093] NET: Registered protocol family 17
[    2.616689] Key type dns_resover registered

[    2.647128] registered taskstats version 1
[    2.648981] Loading compiled-in X.509 certificates
[    2.652008] Loaded X.509 cert 'Build time autogenerated kernel key: a88b0f663ecfd40e6a501dee2f0b211d51902e35'
[    2.662361] zswap: loaded using pool lzo/zbud
[    2.667872] Key type trusted registered
[    2.678919] Key type encrypted registered
[    2.681113] AppArmor: AppArmor sha1 policy hashing enabled
[    2.685475] ima: No TPM chip found, activating TPM-bypass!
[    2.688986] ima: Allocated hash algorithm: sha1
[    2.691029] evm: HMAC attrs: 0x1
[    2.693604]   Magic number: 10:242:718
[    2.696535] rtc_cmos rtc_cmos: setting system clock to 2018-11-28 04:44:05 UTC (1543380245)
[    2.706961] BIOS EDD facility v0.16 2004-Jun-25, 0 devices found
[    2.716400] EDD information not available.
[    2.725840] Freeing unused kernel memory: 1528K
[    2.746379] Write protecting the kernel read-only data: 14336k
[    2.753265] Freeing unused kernel memory: 1664K
[    2.756807] Freeing unused kernel memory: 92K
Loading, please wait...
starting version 229
[    2.785720] random: systemd-udevd: uninitialized urandom read (16 bytes read, 3 bits of entropy available)
[    2.785885] random: udevadm: uninitialized urandom read (16 bytes read, 3 bits of entropy available)
[    2.785926] random: udevadm: uninitialized urandom read (16 bytes read, 3 bits of entropy available)
[    2.799850] random: udevadm: uninitialized urandom read (16 bytes read, 3 bits of entropy available)
[    2.799904] random: udevadm: uninitialized urandom read (16 bytes read, 3 bits of entropy available)
[    2.800073] random: udevadm: uninitialized urandom read (16 bytes read, 3 bits of entropy available)
[    2.800137] random: udevadm: uninitialized urandom read (16 bytes read, 3 bits of entropy available)
[    2.800201] random: udevadm: uninitialized urandom read (16 bytes read, 3 bits of entropy available)
[    2.800269] random: udevadm: uninitialized urandom read (16 bytes read, 3 bits of entropy available)
[    2.800330] random: udevadm: uninitialized urandom read (16 bytes read, 3 bits of entropy available)
[    2.888787] e1000: Intel(R) PRO/1000 Network Driver - version 7.3.21-k8-NAPI
[    2.893201] e1000: Copyright (c) 1999-2006 Intel Corporation.
[    2.897374] Fusion MPT base driver 3.04.20
[    2.900004] Copyright (c) 1999-2008 LSI Corporation
[    2.909344] Fusion MPT SPI Host driver 3.04.20
[    2.939837] AVX version of gcm_enc/dec engaged.
[    2.941935] AES CTR mode by8 optimization enabled
[    3.118573] input: ImExPS/2 Generic Explorer Mouse as /devices/platform/i8042/serio1/input/input4
[    3.302415] tsc: Refined TSC clocksource calibration: 2494.423 MHz
[    3.305364] clocksource: tsc: mask: 0xffffffffffffffff max_cycles: 0x23f4a51b04c, max_idle_ns: 440795203453 ns
[    3.456807] e1000 0000:00:03.0 eth0: (PCI:33MHz:32-bit) 02:1d:76:b3:3c:fe
[    3.460950] e1000 0000:00:03.0 eth0: Intel(R) PRO/1000 Network Connection
[    3.465900] e1000 0000:00:03.0 enp0s3: renamed from eth0
[    3.472868] mptbase: ioc0: Initiating bringup
[    3.539083] ioc0: LSI53C1030 A0: Capabilities={Initiator}
[    3.714873] scsi host2: ioc0: LSI53C1030 A0, FwRev=00000000h, Ports=1, MaxQ=256, IRQ=20
[    3.835267] scsi 2:0:0:0: Direct-Access     VBOX     HARDDISK         1.0  PQ: 0 ANSI: 5
[    3.839682] scsi target2:0:0: Beginning Domain Validation
[    3.845860] scsi target2:0:0: Domain Validation skipping write tests
[    3.852584] scsi target2:0:0: Ending Domain Validation
[    3.860117] scsi target2:0:0: asynchronous
[    3.874010] scsi 2:0:1:0: Direct-Access     VBOX     HARDDISK         1.0  PQ: 0 ANSI: 5
[    3.878300] scsi target2:0:1: Beginning Domain Validation
[    3.887200] scsi target2:0:1: Domain Validation skipping write tests
[    3.890371] scsi target2:0:1: Ending Domain Validation
[    3.893991] scsi target2:0:1: asynchronous
[    3.908071] sd 2:0:0:0: [sda] 20971520 512-byte logical blocks: (10.7 GB/10.0 GiB)
[    3.908362] sd 2:0:0:0: Attached scsi generic sg0 type 0
[    3.908730] sd 2:0:1:0: Attached scsi generic sg1 type 0
[    3.919277] sd 2:0:1:0: [sdb] 20480 512-byte logical blocks: (10.5 MB/10.0 MiB)
[    3.919612] sd 2:0:0:0: [sda] Write Protect is off
[    3.919841] sd 2:0:0:0: [sda] Incomplete mode parameter data
[    3.919842] sd 2:0:0:0: [sda] Assuming drive cache: write through
[    3.941874] sd 2:0:1:0: [sdb] Write Protect is off
[    3.942718]  sda: sda1
[    3.948868] sd 2:0:1:0: [sdb] Incomplete mode parameter data
[    3.949312] sd 2:0:0:0: [sda] Attached SCSI disk
[    3.953616] sd 2:0:1:0: [sdb] Assuming drive cache: write through
[    3.961191] sd 2:0:1:0: [sdb] Attached SCSI disk
Begin: Loading essential drivers ... [    5.407930] md: linear personality registered for level -1
[    5.418182] md: multipath personality registered for level -4
[    5.437583] md: raid0 personality registered for level 0
[    5.445887] md: raid1 personality registered for level 1
[    5.522081] raid6: sse2x1   gen()  2656 MB/s
[    5.594543] raid6: sse2x1   xor()  3587 MB/s
[    5.671152] raid6: sse2x2   gen()  9465 MB/s
[    5.738057] raid6: sse2x2   xor()  6794 MB/s
[    5.806069] raid6: sse2x4   gen() 10452 MB/s
[    5.874070] raid6: sse2x4   xor()  7526 MB/s
[    5.877386] raid6: using algorithm sse2x4 gen() 10452 MB/s
[    5.880977] raid6: .... xor() 7526 MB/s, rmw enabled
[    5.883582] raid6: using ssse3x2 recovery algorithm
[    5.887659] xor: automatically using best checksumming function:
[    5.934496]    avx       : 20822.000 MB/sec
[    5.939504] async_tx: api initialized (async)
[    5.955563] md: raid6 personality registered for level 6
[    5.959828] md: raid5 personality registered for level 5
[    5.965204] md: raid4 personality registered for level 4
[    5.984862] md: raid10 personality registered for level 10
done.
Begin: Running /scripts/init-premount ... done.
Begin: Mounting root file system ... Begin: Running /scripts/local-top ... done.
Begin: Running /scripts/local-premount ... [    6.034493] Btrfs loaded
Scanning for Btrfs filesystems
done.
Warning: fsck not present, so skipping root file system
[    6.088505] EXT4-fs (sda1): INFO: recovery required on readonly filesystem
[    6.091906] EXT4-fs (sda1): write access will be enabled during recovery
[    6.213028] EXT4-fs (sda1): orphan cleanup on readonly fs
[    6.318667] EXT4-fs (sda1): 7 orphan inodes deleted
[    6.320829] EXT4-fs (sda1): recovery complete
[    6.324575] EXT4-fs (sda1): mounted filesystem with ordered data mode. Opts: (null)
done.
Begin: Running /scripts/local-bottom ... done.
Begin: Running /scripts/init-bottom ... done.
[    6.503332] systemd[1]: systemd 229 running in system mode. (+PAM +AUDIT +SELINUX +IMA +APPARMOR +SMACK +SYSVINIT +UTMP +LIBCRYPTSETUP +GCRYPT +GNUTLS +ACL +XZ -LZ4 +SECCOMP +BLKID +ELFUTILS +KMOD -IDN)
[    6.514472] systemd[1]: Detected virtualization oracle.
[    6.517540] systemd[1]: Detected architecture x86-64.

Welcome to [1mUbuntu 16.04.5 LTS[0m!

[    6.537350] systemd[1]: Set hostname to <ubuntu-xenial>.
[    6.898999] systemd[1]: Created slice User and Session Slice.
[[0;32m  OK  [0m] Created slice User and Session Slice.
[    6.915343] systemd[1]: Listening on Syslog Socket.
[[0;32m  OK  [0m] Listening on Syslog Socket.
[    6.920664] systemd[1]: Reached target System Time Synchronized.
[[0;32m  OK  [0m] Reached target System Time Synchronized.
[    6.947456] systemd[1]: Listening on Journal Socket (/dev/log).
[[0;32m  OK  [0m] Listening on Journal Socket (/dev/log).
[    6.979247] systemd[1]: Listening on udev Control Socket.
[[0;32m  OK  [0m] Listening on udev Control Socket.
[    6.996114] systemd[1]: Reached target User and Group Name Lookups.
[[0;32m  OK  [0m] Reached target User and Group Name Lookups.
[    7.004438] systemd[1]: Reached target Encrypted Volumes.
[[0;32m  OK  [0m] Reached target Encrypted Volumes.
[    7.016378] systemd[1]: Started Trigger resolvconf update for networkd DNS.
[[0;32m  OK  [0m] Started Trigger resolvconf update for networkd DNS.
[    7.025442] systemd[1]: Listening on Journal Socket.
[[0;32m  OK  [0m] Listening on Journal Socket.
[    7.031605] systemd[1]: Reached target Swap.
[[0;32m  OK  [0m] Reached target Swap.
[    7.042534] systemd[1]: Set up automount Arbitrary Executable File Formats File System Automount Point.
[[0;32m  OK  [0m] Set up automount Arbitrary Executab...ats File System Automount Point.
[    7.054712] systemd[1]: Created slice System Slice.
[[0;32m  OK  [0m] Created slice System Slice.
[    7.074952] systemd[1]: Starting Load Kernel Modules...
         Starting Load Kernel Modules...
[    7.085901] systemd[1]: Mounting POSIX Message Queue File System...
[    7.092025] Loading iSCSI transport class v2.0-870.
         Mounting POSIX Message Queue File System...
[    7.115562] iscsi: registered transport (tcp)
[    7.118934] systemd[1]: Starting Uncomplicated firewall...
         Starting Uncomplicated firewall...
[    7.129927] systemd[1]: Starting Remount Root and Kernel File Systems...
         Starting Remount Root and Kernel File Systems...
[    7.139961] systemd[1]: Mounting Huge Pages File System...
[    7.142465] EXT4-fs (sda1): re-mounted. Opts: (null)
         Mounting Huge Pages File System...
[    7.150438] systemd[1]: Starting Create list of required static device nodes for the current kernel...
         Starting Create list of required st... nodes for the current kernel...
[    7.164084] systemd[1]: Reached target Slices.
[[0;32m  OK  [0m] Reached target Slices.
[    7.171080] systemd[1]: Listening on Journal Audit Socket.
[[0;32m  OK  [0m] Listening on Journal Audit Socket.
[    7.179647] systemd[1]: Created slice system-serial\x2dgetty.slice.
[    7.189479] iscsi: registered transport (iser)
[[0;32m  OK  [0m] Created slice system-serial\x2dgetty.slice.
[    7.195776] systemd[1]: Listening on udev Kernel Socket.
[[0;32m  OK  [0m] Listening on udev Kernel Socket.
[    7.204796] systemd[1]: Started Forward Password Requests to Wall Directory Watch.
[[0;32m  OK  [0m] Started Forward Password Requests to Wall Directory Watch.
[    7.256640] systemd[1]: Starting Set console keymap...
         Starting Set console keymap...
[    7.276050] systemd[1]: Listening on /dev/initctl Compatibility Named Pipe.
[[0;32m  OK  [0m] Listening on /dev/initctl Compatibility Named Pipe.
[    7.291607] systemd[1]: Starting Nameserver information manager...
         Starting Nameserver information manager...
[    7.298402] systemd[1]: Listening on LVM2 metadata daemon socket.
[[0;32m  OK  [0m] Listening on LVM2 metadata daemon socket.
[    7.305377] systemd[1]: Mounting Debug File System...
         Mounting Debug File System...
[    7.315472] systemd[1]: Starting Journal Service...
         Starting Journal Service...
[    7.326387] systemd[1]: Listening on LVM2 poll daemon socket.
[[0;32m  OK  [0m] Listening on LVM2 poll daemon socket.
[    7.350184] systemd[1]: Listening on Device-mapper event daemon FIFOs.
[[0;32m  OK  [0m] Listening on Device-mapper event daemon FIFOs.
[    7.374630] systemd[1]: Starting Monitoring of LVM2 mirrors, snapshots etc. using dmeventd or progress polling...
         Starting Monitoring of LVM2 mirrors... dmeventd or progress polling...
[    7.394046] systemd[1]: Mounted Debug File System.
[[0;32m  OK  [0m] Mounted Debug File System.
[    7.401223] systemd[1]: Mounted Huge Pages File System.
[[0;32m  OK  [0m] Mounted Huge Pages File System.
[    7.419280] systemd[1]: Mounted POSIX Message Queue File System.
[[0;32m  OK  [0m] Mounted POSIX Message Queue File System.
[    7.433870] systemd[1]: Started Journal Service.
[[0;32m  OK  [0m] Started Journal Service.
[[0;32m  OK  [0m] Started Load Kernel Modules.
[[0;32m  OK  [0m] Started Uncomplicated firewall.
[[0;32m  OK  [0m] Started Remount Root and Kernel File Systems.
[[0;32m  OK  [0m] Started Create list of required sta...ce nodes for the current kernel.
[[0;32m  OK  [0m] Started Set console keymap.
[[0;32m  OK  [0m] Started Nameserver information manager.
[    7.587747] random: nonblocking pool is initialized
[[0;32m  OK  [0m] Started LVM2 metadata daemon.
         Starting Create Static Device Nodes in /dev...
         Starting udev Coldplug all Devices...
         Starting Load/Save Random Seed...
         Starting Apply Kernel Variables...
         Mounting FUSE Control File System...
         Starting Flush Journal to Persistent Storage...
[[0;32m  OK  [0m] Started Create Static Device Nodes in /dev.
[[0;32m  OK  [0m] Started Load/Save Random Seed.
[[0;32m  OK  [0m] Started Apply Kernel Variables.
[[0;32m  OK  [0m] Mounted FUSE Control File System.
[[0;32m  OK  [0m] Started Monitoring of LVM2 mirrors,...ng dmeventd or progress polling.
[[0;32m  OK  [0m] Started udev Coldplug all Devices.
[[0;32m  OK  [0m] Started Flush Journal to Persistent Storage.
         Starting udev Kernel Device Manager...
[[0;32m  OK  [0m] Started udev Kernel Device Manager.
[[0;32m  OK  [0m] Started Dispatch Password Requests to Console Directory Watch.
[[0;32m  OK  [0m] Reached target Local File Systems (Pre).
[[0;32m  OK  [0m] Reached target Local File Systems.
         Starting Tell Plymouth To Write Out Runtime Data...
         Starting Create Volatile Files and Directories...
         Starting Set console font and keymap...
         Starting LSB: AppArmor initialization...
         Starting Initial cloud-init job (pre-networking)...
[[0;32m  OK  [0m] Started Tell Plymouth To Write Out Runtime Data.
[[0;32m  OK  [0m] Started Create Volatile Files and Directories.
         Starting Update UTMP about System Boot/Shutdown...
[[0;32m  OK  [0m] Started Update UTMP about System Boot/Shutdown.
[[0;32m  OK  [0m] Found device /dev/ttyS0.
[[0;32m  OK  [0m] Started LSB: AppArmor initialization.
[[0;32m  OK  [0m] Listening on Load/Save RF Kill Switch Status /dev/rfkill Watch.
[[0;32m  OK  [0m] Found device 82540EM Gigabit Ethern...r (PRO/1000 MT Desktop Adapter).
[[0;32m  OK  [0m] Started Set console font and keymap.
[[0;32m  OK  [0m] Created slice system-getty.slice.
[    9.188658] cloud-init[499]: Cloud-init v. 18.3-9-g2e62cb8a-0ubuntu1~16.04.2 running 'init-local' at Wed, 28 Nov 2018 04:44:12 +0000. Up 8.81 seconds.
[[0;32m  OK  [0m] Started Initial cloud-init job (pre-networking).
[[0;32m  OK  [0m] Reached target Network (Pre).
[[0;32m  OK  [0m] Started ifup for enp0s3.
         Starting Raise network interfaces...
[[0;32m  OK  [0m] Started Raise network interfaces.
         Starting Initial cloud-init job (metadata service crawler)...
[[0;32m  OK  [0m] Reached target Network.
[   12.147618] cloud-init[953]: Cloud-init v. 18.3-9-g2e62cb8a-0ubuntu1~16.04.2 running 'init' at Wed, 28 Nov 2018 04:44:14 +0000. Up 10.83 seconds.
[   12.172056] cloud-init[953]: ci-info: ++++++++++++++++++++++++++++++++++++++Net device info++++++++++++++++++++++++++++++++++++++
[   12.194454] cloud-init[953]: ci-info: +--------+------+----------------------------+---------------+--------+-------------------+
[   12.229820] cloud-init[953]: ci-info: | Device |  Up  |          Address           |      Mask     | Scope  |     Hw-Address    |
[   12.259032] cloud-init[953]: ci-info: +--------+------+----------------------------+---------------+--------+-------------------+
[   12.276595] cloud-init[953]: ci-info: | enp0s3 | True |         10.0.2.15          | 255.255.255.0 | global | 02:1d:76:b3:3c:fe |
[   12.305260] cloud-init[953]: ci-info: | enp0s3 | True | fe80::1d:76ff:feb3:3cfe/64 |       .       |  link  | 02:1d:76:b3:3c:fe |
[   12.317435] cloud-init[953]: ci-info: |   lo   | True |         127.0.0.1          |   255.0.0.0   |  host  |         .         |
[   12.331209] cloud-init[953]: ci-info: |   lo   | True |          ::1/128           |       .       |  host  |         .         |
[   12.378331] cloud-init[953]: ci-info: +--------+------+----------------------------+---------------+--------+-------------------+
[[   12.428205] cloud-init[953]: ci-info: +++++++++++++++++++++++++++Route IPv4 info++++++++++++++++++++++++++++
[0;32m  OK  [0m] Started Initial cloud-init job (metadata service crawler).
[   12.430146] cloud-init[953]: ci-info: +-------+-------------+----------+---------------+-----------+-------+
[[   12.505770] [0;32m  OK  [0m] Reached target Cloud-config availability.
cloud-init[953]: ci-info: | Route | Destination | Gateway  |    Genmask    | Interface | Flags |
[   12.604827] cloud-init[953]: ci-info: +-------+-------------+----------+---------------+-----------+-------+
[   12.606269] cloud-init[953]: ci-info: |   0   |   0.0.0.0   | 10.0.2.2 |    0.0.0.0    |   enp0s3  |   UG  |
[[0;32m  OK  [0m] Reached target System Initialization.
[   12.607956] cloud-init[953]: ci-info: |   1   |   10.0.2.0  | 0.0.0.0  | 255.255.255.0 |   enp0s3  |   U   |
[   12.862869] cloud-init[953]: ci-info: +-------+-------------+----------+---------------+-----------+-------+
[[0;32m  OK  [0m] Started Daily apt download activities.
[   12.864130] cloud-init[953]: ci-info: +++++++++++++++++++Route IPv6 info+++++++++++++++++++
[   13.005200] cloud-init[953]: ci-info: +-------+-------------+---------+-----------+-------+
[   13.006570] cloud-init[953]: ci-info: | Route | Destination | Gateway | Interface | Flags |
[[0;32m  OK  [0m] Started Daily apt upgrade and clean activities.
[   13.044842] cloud-init[953]: ci-info: +-------+-------------+---------+-----------+-------+
[   13.046208] cloud-init[953]: ci-info: |   0   |  fe80::/64  |    ::   |   enp0s3  |   U   |
         Starting Socket activation for snappy daemon.
[   13.050858] cloud-init[953]: ci-info: |   3   |   ff00::/8  |    ::   |   enp0s3  |   U   |
[   13.102250] cloud-init[953]: ci-info: +-------+-------------+---------+-----------+-------+
[[0;32m  OK  [0m] Started Daily Cleanup of Temporary Directories.
[[0;32m  OK  [0m] Reached target Timers.
         Starting LXD - unix socket.
[[0;32m  OK  [0m] Listening on UUID daemon activation socket.
[[0;32m  OK  [0m] Listening on D-Bus System Message Bus Socket.
[[0;32m  OK  [0m] Started ACPI Events Check.
[[0;32m  OK  [0m] Reached target Paths.
[[0;32m  OK  [0m] Listening on ACPID Listen Socket.
[[0;32m  OK  [0m] Reached target Network is Online.
         Starting iSCSI initiator daemon (iscsid)...
[[0;32m  OK  [0m] Listening on Socket activation for snappy daemon.
[[0;32m  OK  [0m] Listening on LXD - unix socket.
[[0;32m  OK  [0m] Reached target Sockets.
[[0;32m  OK  [0m] Reached target Basic System.
         Starting Accounts Service...
         Starting /etc/rc.local Compatibility...
         Starting System Logging Service...
         Starting LSB: MD monitoring daemon...
[[0;32m  OK  [0m] Started FUSE filesystem for LXC.
         Starting Login Service...
[[0;32m  OK  [0m] Started ACPI event daemon.
         Starting LSB: Record successful boot for GRUB...
[[0;32m  OK  [0m] Started Deferred execution scheduler.
         Starting Virtualbox guest utils...
         Starting OpenBSD Secure Shell server...
         Starting Snappy daemon...
[[0;32m  OK  [0m] Started Unattended Upgrades Shutdown.
         Starting LXD - container startup/shutdown...
[[0;32m  OK  [0m] Started D-Bus System Message Bus.
[[0;32m  OK  [0m] Started Regular background program processing daemon.
[[0;32m  OK  [0m] Started System Logging Service.
[[0;32m  OK  [0m] Started iSCSI initiator daemon (iscsid).
[[0;32m  OK  [0m] Started /etc/rc.local Compatibility.
[[0;32m  OK  [0m] Started OpenBSD Secure Shell server.
[[0;32m  OK  [0m] Started LXD - container startup/shutdown.
[[0;32m  OK  [0m] Started LSB: MD monitoring daemon.
[[0;32m  OK  [0m] Started Login Service.
[[0;32m  OK  [0m] Started LSB: Record successful boot for GRUB.
         Starting Authenticate and Authorize Users to Run Privileged Tasks...
         Starting Login to default iSCSI targets...
[[0;32m  OK  [0m] Started Snappy daemon.
[[0;32m  OK  [0m] Started Login to default iSCSI targets.
[[0;32m  OK  [0m] Started Authenticate and Authorize Users to Run Privileged Tasks.
[[0;32m  OK  [0m] Started Virtualbox guest utils.
[[0;32m  OK  [0m] Started Accounts Service.
[[0;32m  OK  [0m] Reached target Remote File Systems (Pre).
[[0;32m  OK  [0m] Reached target Remote File Systems.
         Starting LSB: Set the CPU Frequency Scaling governor to "ondemand"...
         Starting LSB: daemon to balance interrupts for SMP systems...
         Starting LSB: automatic crash report generation...
         Starting Permit User Sessions...
         Starting Wait until snapd is fully seeded...
[[0;32m  OK  [0m] Started Permit User Sessions.
         Starting Hold until boot process finishes up...
         Starting Terminate Plymouth Boot Screen...
[[0;32m  OK  [0m] Started LSB: Set the CPU Frequency Scaling governor to "ondemand".
[[0;32m  OK  [0m] Started Wait until snapd is fully seeded.
[[0;32m  OK  [0m] Started LSB: daemon to balance interrupts for SMP systems.
[[0;32m  OK  [0m] Started LSB: automatic crash report generation.
[[0;32m  OK  [0m] Started Hold until boot process finishes up.
[[0;32m  OK  [0m] Started Terminate Plymouth Boot Screen.
         Starting Set console scheme...
[[0;32m  OK  [0m] Started Serial Getty on ttyS0.
[[0;32m  OK  [0m] Started Getty on tty1.
[[0;32m  OK  [0m] Reached target Login Prompts.
         Starting Apply the settings specified in cloud-config...
[[0;32m  OK  [0m] Reached target Multi-User System.
[[0;32m  OK  [0m] Reached target Graphical Interface.
         Starting Update UTMP about System Runlevel Changes...
[[0;32m  OK  [0m] Started Set console scheme.
[[0;32m  OK  [0m] Started Update UTMP about System Runlevel Changes.
[[0;32m  OK  [0m] Created slice User Slice of vagrant.
[[0;32m  OK  [0m] Started Session 1 of user vagrant.
         Starting User Manager for UID 1000...
[[0;32m  OK  [0m] Started User Manager for UID 1000.
[   15.973061] cloud-init[1208]: Cloud-init v. 18.3-9-g2e62cb8a-0ubuntu1~16.04.2 running 'modules:config' at Wed, 28 Nov 2018 04:44:19 +0000. Up 15.55 seconds.
[[0;32m  OK  [0m] Started Apply the settings specified in cloud-config.
         Starting Execute cloud user/final scripts...
[   17.002777] cloud-init[1286]: Cloud-init v. 18.3-9-g2e62cb8a-0ubuntu1~16.04.2 running 'modules:final' at Wed, 28 Nov 2018 04:44:20 +0000. Up 16.73 seconds.
[   17.013516] cloud-init[1286]: Cloud-init v. 18.3-9-g2e62cb8a-0ubuntu1~16.04.2 finished at Wed, 28 Nov 2018 04:44:20 +0000. Datasource DataSourceNoCloud [seed=/dev/sdb][dsmode=net].  Up 16.98 seconds
[[0;32m  OK  [0m] Started Execute cloud user/final scripts.
[[0;32m  OK  [0m] Reached target Cloud-init target.
         Starting Daily apt download activities...
         Stopping User Manager for UID 1000...
[[0;32m  OK  [0m] Stopped User Manager for UID 1000.
[[0;32m  OK  [0m] Removed slice User Slice of vagrant.

Ubuntu 16.04.5 LTS ubuntu-xenial ttyS0

ubuntu-xenial login: [  OK  ] Started ACPI event daemon.
[  OK  ] Started Trigger resolvconf update for networkd DNS.
[  OK  ] Started ACPI event daemon.
[  OK  ] Started ACPI event daemon.
[  OK  ] Started ACPI event daemon.
[  OK  ] Started ACPI event daemon.
         Stopping udev Kernel Device Manager...
[  OK  ] Stopped udev Kernel Device Manager.
         Starting udev Kernel Device Manager...
[  OK  ] Started udev Kernel Device Manager.
[  OK  ] Started ACPI event daemon.
[  OK  ] Started Daily apt upgrade and clean activities.
